<?xml version="1.0" encoding="utf-8"?><testsuites name="pytest tests"><testsuite name="pytest" errors="0" failures="0" skipped="0" tests="10" time="21.275" timestamp="2026-03-08T02:08:38.466600+00:00" hostname="agent-env-f91c8c15-5e2e-4e7f-9a0e-f3be8b5e4302"><testcase classname="backend.tests.test_autoapply_phase1_api" name="test_01_health" time="5.273" /><testcase classname="backend.tests.test_autoapply_phase1_api" name="test_02_upload_cv_pdf_and_parse_profile" time="4.061" /><testcase classname="backend.tests.test_autoapply_phase1_api" name="test_03_preferences_save_and_retrieve" time="0.119" /><testcase classname="backend.tests.test_autoapply_phase1_api" name="test_04_settings_save_and_retrieve" time="0.190" /><testcase classname="backend.tests.test_autoapply_phase1_api" name="test_05_discover_jobs_and_list_with_scores" time="0.475" /><testcase classname="backend.tests.test_autoapply_phase1_api" name="test_06_job_detail_and_generate_docs" time="10.061" /><testcase classname="backend.tests.test_autoapply_phase1_api" name="test_07_pdf_download_endpoints" time="0.136" /><testcase classname="backend.tests.test_autoapply_phase1_api" name="test_08_queue_and_run_auto_apply" time="0.395" /><testcase classname="backend.tests.test_autoapply_phase1_api" name="test_09_applications_attempts_and_kanban" time="0.123" /><testcase classname="backend.tests.test_autoapply_phase1_api" name="test_10_dashboard_metrics" time="0.063" /></testsuite></testsuites>