<?xml version="1.0" encoding="utf-8"?><testsuites name="pytest tests"><testsuite name="pytest" errors="0" failures="0" skipped="0" tests="9" time="6.394" timestamp="2026-03-08T02:29:43.969438+00:00" hostname="agent-env-f91c8c15-5e2e-4e7f-9a0e-f3be8b5e4302"><testcase classname="backend.tests.test_autoapply_phase1_additional_features" name="test_01_settings_supports_google_oauth_fields" time="2.688" /><testcase classname="backend.tests.test_autoapply_phase1_additional_features" name="test_02_gmail_status_endpoint_shape" time="0.076" /><testcase classname="backend.tests.test_autoapply_phase1_additional_features" name="test_03_gmail_oauth_start_without_credentials_returns_400" time="0.130" /><testcase classname="backend.tests.test_autoapply_phase1_additional_features" name="test_04_gmail_oauth_start_with_credentials_returns_auth_url" time="0.186" /><testcase classname="backend.tests.test_autoapply_phase1_additional_features" name="test_05_gmail_poll_disconnected_returns_400" time="0.112" /><testcase classname="backend.tests.test_autoapply_phase1_additional_features" name="test_06_direct_apply_queue_path_for_jobs_without_application_email" time="2.477" /><testcase classname="backend.tests.test_autoapply_phase1_additional_features" name="test_07_application_detail_proof_fields_consistency" time="0.127" /><testcase classname="backend.tests.test_autoapply_phase1_additional_features" name="test_08_followup_generate_stores_draft_fields" time="0.195" /><testcase classname="backend.tests.test_autoapply_phase1_additional_features" name="test_09_followup_send_handles_missing_gmail_or_recipient_gracefully" time="0.175" /></testsuite></testsuites>